#PlayerName PlaceName (if place exist player visits, if not new place is added (if player has access))
Player1	Maplegrove
Player4	Tenea
Player6	Windvein
Player9	Ambermond
Player7	Tarbella
Player2	Dawnpeak
Player11	Argenmomble
Player1	Levannet
Player10	Maplegrove
Player2	Navalicia
Player3	Orisca
Player8	Steepgulch
Player1	Ragewharf
Player9	Dawnpeak
Player8	Tarbella
Player9	Argenmomble
Player3	Levannet
Player4	Orisca
Player2	Windvein
Player6	Stoneshire
Player7	Coloris
Player8	Dawnpeak
Player11	Tenea
Player10	Ambermond
Player5	Orisca
Player6	Stoneshire
Player9	Levannet  
Player3	Steepgulch
Player1	Tenea
Player4	Kinibourg
Player10	Windvein
Player2	Pearlwater
Player5	Dawnpeak
Player6	Barcergos
Player7	Maplegrove
Player11	Coloris
Player5	Angeldrift
Player10	Ambermond
Player11	Orisca
Player2	Barcergos
Player3	Tarbella
Player5	Steepgulch
Player7	Ragewharf
Player8	Argenmomble
Player5	Stoneshire
